\BOOKMARK [0][-]{chapter.1}{Introduction}{}% 1
\BOOKMARK [1][-]{section.1.1}{Context and Motivation}{chapter.1}% 2
\BOOKMARK [1][-]{section.1.2}{Challenges and Problem Statement}{chapter.1}% 3
\BOOKMARK [1][-]{section.1.3}{Proposed Solution}{chapter.1}% 4
\BOOKMARK [1][-]{section.1.4}{Thesis Outline}{chapter.1}% 5
\BOOKMARK [0][-]{chapter.2}{Background and Related Work}{}% 6
\BOOKMARK [1][-]{section.2.1}{Genomics}{chapter.2}% 7
\BOOKMARK [2][-]{subsection.2.1.1}{History of Genomics}{section.2.1}% 8
\BOOKMARK [2][-]{subsection.2.1.2}{Next Generation Sequencing}{section.2.1}% 9
\BOOKMARK [2][-]{subsection.2.1.3}{Genomics Studies}{section.2.1}% 10
\BOOKMARK [2][-]{subsection.2.1.4}{Cancer Genomics}{section.2.1}% 11
\BOOKMARK [2][-]{subsection.2.1.5}{Clinical Genomics}{section.2.1}% 12
\BOOKMARK [1][-]{section.2.2}{Computational Methods for Next Generation Sequencing}{chapter.2}% 13
\BOOKMARK [2][-]{subsection.2.2.1}{File Formats}{section.2.2}% 14
\BOOKMARK [2][-]{subsection.2.2.2}{Base-calling}{section.2.2}% 15
\BOOKMARK [2][-]{subsection.2.2.3}{Alignment}{section.2.2}% 16
\BOOKMARK [2][-]{subsection.2.2.4}{Raw Data QA}{section.2.2}% 17
\BOOKMARK [2][-]{subsection.2.2.5}{Germline SNP Calling}{section.2.2}% 18
\BOOKMARK [2][-]{subsection.2.2.6}{Germline Indel Calling}{section.2.2}% 19
\BOOKMARK [2][-]{subsection.2.2.7}{Germline Structural Variant Calling}{section.2.2}% 20
\BOOKMARK [2][-]{subsection.2.2.8}{Variant Filtering}{section.2.2}% 21
\BOOKMARK [2][-]{subsection.2.2.9}{Somatic SNP Calling}{section.2.2}% 22
\BOOKMARK [2][-]{subsection.2.2.10}{Somatic Indel Calling}{section.2.2}% 23
\BOOKMARK [2][-]{subsection.2.2.11}{Somatic Structural Variant Calling}{section.2.2}% 24
\BOOKMARK [2][-]{subsection.2.2.12}{Germline Variant Annotation}{section.2.2}% 25
\BOOKMARK [2][-]{subsection.2.2.13}{Somatic Variant Annotation}{section.2.2}% 26
\BOOKMARK [2][-]{subsection.2.2.14}{de-novo Assembly}{section.2.2}% 27
\BOOKMARK [1][-]{section.2.3}{High Performance and High Throughput Computing}{chapter.2}% 28
\BOOKMARK [1][-]{section.2.4}{Cloud Computing}{chapter.2}% 29
\BOOKMARK [1][-]{section.2.5}{Workflow Systems}{chapter.2}% 30
\BOOKMARK [1][-]{section.2.6}{Service Oriented Architectures}{chapter.2}% 31
\BOOKMARK [1][-]{section.2.7}{Stream-based Systems}{chapter.2}% 32
\BOOKMARK [0][-]{chapter.3}{The Butler Framework - Requirements and Architecture}{}% 33
\BOOKMARK [0][-]{chapter.4}{The Butler Framework - Implementation and Experimental Validation}{}% 34
\BOOKMARK [0][-]{chapter.5}{The Rheos Framework}{}% 35
\BOOKMARK [0][-]{chapter.6}{Discussion and Conclusion}{}% 36
\BOOKMARK [0][-]{section*.8}{Appendix}{}% 37
\BOOKMARK [0][-]{Appendix.1.A}{Code Listings}{}% 38
